<?xml version="1.0" encoding="UTF-8"?>
<!-- Generated by org.testng.reporters.JUnitReportReporter -->
<testsuite hostname="DESKTOP-GFNEFC4" failures="0" tests="6" name="com.qc.testng.test.RegisterTest" time="10.790" errors="0" timestamp="2024-04-13T10:26:34 IST" skipped="0">
  <testcase classname="com.qc.testng.test.RegisterTest" name="doRegister" time="2.281"/>
  <system-out/>
  <testcase classname="com.qc.testng.test.RegisterTest" name="doRegister" time="1.864"/>
  <system-out/>
  <testcase classname="com.qc.testng.test.RegisterTest" name="doRegister" time="1.603"/>
  <system-out/>
  <testcase classname="com.qc.testng.test.RegisterTest" name="doRegister" time="1.833"/>
  <system-out/>
  <testcase classname="com.qc.testng.test.RegisterTest" name="doRegister" time="1.738"/>
  <system-out/>
  <testcase classname="com.qc.testng.test.RegisterTest" name="doRegister" time="1.471"/>
  <system-out/>
</testsuite> <!-- com.qc.testng.test.RegisterTest -->
