<?xml version="1.0" encoding="UTF-8"?>
<!-- Generated by org.testng.reporters.JUnitReportReporter -->
<testsuite hostname="DESKTOP-GFNEFC4" failures="0" tests="7" name="com.qc.testng.test.LoginMVn" time="21.697" errors="0" timestamp="2024-04-12T16:33:50 IST" skipped="0">
  <testcase classname="com.qc.testng.test.LoginMVn" name="doLogin" time="2.850"/>
  <system-out/>
  <testcase classname="com.qc.testng.test.LoginMVn" name="doLogin" time="2.966"/>
  <system-out/>
  <testcase classname="com.qc.testng.test.LoginMVn" name="doLogin" time="2.841"/>
  <system-out/>
  <testcase classname="com.qc.testng.test.LoginMVn" name="doLogin" time="3.055"/>
  <system-out/>
  <testcase classname="com.qc.testng.test.LoginMVn" name="doLogin" time="2.623"/>
  <system-out/>
  <testcase classname="com.qc.testng.test.LoginMVn" name="doLogin" time="3.306"/>
  <system-out/>
  <testcase classname="com.qc.testng.test.LoginMVn" name="doLogin" time="4.056"/>
  <system-out/>
</testsuite> <!-- com.qc.testng.test.LoginMVn -->
